<?xml version="1.0" encoding="UTF-8"?>
<testng-results ignored="0" total="1" passed="0" failed="1" skipped="0">
  <reporter-output>
  </reporter-output>
  <suite started-at="2022-08-28T22:59:14 IST" name="Suite" finished-at="2022-08-28T22:59:31 IST" duration-ms="16907">
    <groups>
      <group name="cucumber">
        <method signature="AbstractTestNGCucumberTests.runScenario(io.cucumber.testng.PickleWrapper,io.cucumber.testng.FeatureWrapper)[pri:0, instance:in.swiggy.testscripts.RunnerTest@4145bad8]" name="runScenario" class="io.cucumber.testng.AbstractTestNGCucumberTests"/>
      </group> <!-- cucumber -->
    </groups>
    <test started-at="2022-08-28T22:59:14 IST" name="Test" finished-at="2022-08-28T22:59:31 IST" duration-ms="16907">
      <class name="in.swiggy.testscripts.RunnerTest">
        <test-method is-config="true" signature="setUpClass(org.testng.ITestContext)[pri:0, instance:in.swiggy.testscripts.RunnerTest@4145bad8]" started-at="2022-08-28T22:59:14 IST" name="setUpClass" finished-at="2022-08-28T22:59:14 IST" duration-ms="615" status="PASS">
          <params>
            <param index="0">
              <value>
                <![CDATA[org.testng.TestRunner@68699afc]]>
              </value>
            </param>
          </params>
          <reporter-output>
          </reporter-output>
        </test-method> <!-- setUpClass -->
        <test-method signature="runScenario(io.cucumber.testng.PickleWrapper,io.cucumber.testng.FeatureWrapper)[pri:0, instance:in.swiggy.testscripts.RunnerTest@4145bad8]" started-at="2022-08-28T22:59:14 IST" name="runScenario" description="Runs Cucumber Scenarios" data-provider="scenarios" finished-at="2022-08-28T22:59:31 IST" duration-ms="16191" status="FAIL">
          <params>
            <param index="0">
              <value>
                <![CDATA["A user should be able to order a food sucessfully on Swiggy"]]>
              </value>
            </param>
            <param index="1">
              <value>
                <![CDATA["Order Food"]]>
              </value>
            </param>
          </params>
          <exception class="org.openqa.selenium.NoSuchElementException">
            <message>
              <![CDATA[Unable to find element with locator By.xpath: //button[contains(@class,'_1gPB7')]
For documentation on this error, please visit: https://selenium.dev/exceptions/#no_such_element
Build info: version: '4.1.1', revision: 'e8fcc2cecf'
System info: host: 'LAPTOP-LEEKOTLG', ip: '192.168.0.103', os.name: 'Windows 10', os.arch: 'amd64', os.version: '10.0', java.version: '17.0.3'
Driver info: driver.version: RemoteWebDriver]]>
            </message>
            <full-stacktrace>
              <![CDATA[org.openqa.selenium.NoSuchElementException: Unable to find element with locator By.xpath: //button[contains(@class,'_1gPB7')]
For documentation on this error, please visit: https://selenium.dev/exceptions/#no_such_element
Build info: version: '4.1.1', revision: 'e8fcc2cecf'
System info: host: 'LAPTOP-LEEKOTLG', ip: '192.168.0.103', os.name: 'Windows 10', os.arch: 'amd64', os.version: '10.0', java.version: '17.0.3'
Driver info: driver.version: RemoteWebDriver
at org.openqa.selenium.remote.ElementLocation$ElementFinder$2.findElement(ElementLocation.java:165)
at org.openqa.selenium.remote.ElementLocation.findElement(ElementLocation.java:60)
at org.openqa.selenium.remote.RemoteWebDriver.findElement(RemoteWebDriver.java:367)
at org.openqa.selenium.remote.RemoteWebDriver.findElement(RemoteWebDriver.java:359)
at org.openqa.selenium.support.pagefactory.DefaultElementLocator.findElement(DefaultElementLocator.java:70)
at org.openqa.selenium.support.pagefactory.internal.LocatingElementHandler.invoke(LocatingElementHandler.java:39)
at jdk.proxy2/jdk.proxy2.$Proxy29.click(Unknown Source)
at in.swiggy.pages.FoodMenu.foodCheckout(FoodMenu.java:32)
at in.swiggy.testscripts.OrderFoodSteps.the_user_clicks_on_the_checkout_button(OrderFoodSteps.java:44)
at ✽.the user clicks on the checkout button(file:///C:/Users/User/git/Phase2Project/Phase2Project/SwiggyWithCucumber/Folder/order_food.feature:11)
]]>
            </full-stacktrace>
          </exception> <!-- org.openqa.selenium.NoSuchElementException -->
          <reporter-output>
          </reporter-output>
        </test-method> <!-- runScenario -->
        <test-method is-config="true" signature="tearDownClass()[pri:0, instance:in.swiggy.testscripts.RunnerTest@4145bad8]" started-at="2022-08-28T22:59:31 IST" name="tearDownClass" finished-at="2022-08-28T22:59:31 IST" duration-ms="59" status="PASS">
          <reporter-output>
          </reporter-output>
        </test-method> <!-- tearDownClass -->
      </class> <!-- in.swiggy.testscripts.RunnerTest -->
    </test> <!-- Test -->
  </suite> <!-- Suite -->
</testng-results>
